17/11/29 04:29:05.125 10.1.3.3.0 Started
17/11/29 04:29:19.905 APPS_HTML: 10.1.3.3.0 Started
17/11/29 04:31:49.441 APPS_HTML:  Accessing File System for /oracle/apps/fnd/framework/toolbox/tutorial/webui/HelloWorldPG
17/11/29 04:31:49.973 APPS_HTML: WARNING: No XSD definition found for attribute promptTranslationExpansion, element messageTextInput, namespace http://xmlns.oracle.com/oa. Returning null for value none.
17/11/29 04:32:38.13 APPS_HTML:  Accessing File System for /oracle/apps/fnd/attributesets/Buttons/Go
17/11/29 04:32:40.905 APPS_HTML:  Accessing File System for /oracle/apps/fnd/regionMap/FND_AUTOFOOTER_REGION
17/11/29 04:32:41.745 APPS_HTML:  Accessing File System for /oracle/apps/fnd/framework/webui/OAAutoFooter
17/11/29 04:32:42.635 APPS_HTML: Warning: Document "/oracle/apps/fnd/regionMap/FND_AUTOFOOTER_REGION" is not allowed to reference component "/oracle/apps/fnd/framework/webui/OAAutoFooter" as its scope "." is too restrictive.
17/11/29 04:32:42.643 APPS_HTML:  Accessing File System for /oracle/apps/fnd/framework/webui/OAFooter
17/11/29 04:32:42.649 APPS_HTML: WARNING: No XSD definition found for attribute promptTranslationMaxLength, element messageStyledText, namespace http://xmlns.oracle.com/oa. Returning null for value 58.
17/11/29 04:32:42.650 APPS_HTML: WARNING: No XSD definition found for attribute promptTranslationExpansion, element messageStyledText, namespace http://xmlns.oracle.com/oa. Returning null for value none.
17/11/29 04:32:42.653 APPS_HTML: WARNING: No XSD definition found for attribute prompt, element link, namespace http://xmlns.oracle.com/oa. Returning null for value Privacy Statement.
17/11/29 04:32:42.653 APPS_HTML: WARNING: No XSD definition found for attribute promptTranslationMaxLength, element link, namespace http://xmlns.oracle.com/oa. Returning null for value 17.
17/11/29 04:32:42.653 APPS_HTML: WARNING: No XSD definition found for attribute maximumLength, element link, namespace http://xmlns.oracle.com/oa. Returning null for value 1.
17/11/29 04:32:42.653 APPS_HTML: WARNING: No XSD definition found for attribute dataType, element link, namespace http://xmlns.oracle.com/oa. Returning null for value URL.
17/11/29 04:32:42.653 APPS_HTML: WARNING: No XSD definition found for attribute promptTranslationExpansion, element link, namespace http://xmlns.oracle.com/oa. Returning null for value none.
17/11/29 04:32:42.654 APPS_HTML: WARNING: No XSD definition found for attribute promptTranslationMaxLength, element messageStyledText, namespace http://xmlns.oracle.com/oa. Returning null for value 16.
17/11/29 04:32:42.654 APPS_HTML: WARNING: No XSD definition found for attribute promptTranslationExpansion, element messageStyledText, namespace http://xmlns.oracle.com/oa. Returning null for value none.
17/11/29 04:32:42.656 APPS_HTML: WARNING: No XSD definition found for attribute promptTranslationMaxLength, element messageStyledText, namespace http://xmlns.oracle.com/oa. Returning null for value 19.
17/11/29 04:32:42.656 APPS_HTML: WARNING: No XSD definition found for attribute promptTranslationExpansion, element messageStyledText, namespace http://xmlns.oracle.com/oa. Returning null for value none.
17/11/29 04:32:42.658 APPS_HTML: WARNING: No XSD definition found for attribute promptTranslationMaxLength, element messageTextInput, namespace http://xmlns.oracle.com/oa. Returning null for value 10.
17/11/29 04:32:42.658 APPS_HTML: WARNING: No XSD definition found for attribute promptTranslationExpansion, element messageTextInput, namespace http://xmlns.oracle.com/oa. Returning null for value none.
