17/12/02 02:33:57.425 10.1.3.3.0 Started
17/12/02 02:34:05.375 APPS_HTML: 10.1.3.3.0 Started
17/12/02 02:34:55.23 APPS_HTML:  Accessing File System for /oracle/apps/ak/hello/webui/HelloWorldPG
17/12/02 02:35:37.785 APPS_HTML:  Accessing File System for /oracle/apps/fnd/regionMap/FNDDIALOGPAGE
17/12/02 02:35:39.393 APPS_HTML:  Accessing File System for /oracle/apps/fnd/framework/webui/OADialogPage
17/12/02 02:35:40.376 APPS_HTML: Warning: Document "/oracle/apps/fnd/regionMap/FNDDIALOGPAGE" is not allowed to reference component "/oracle/apps/fnd/framework/webui/OADialogPage" as its scope "." is too restrictive.
17/12/02 02:35:50.152 APPS_HTML:  Accessing File System for /oracle/apps/fnd/framework/webui/OAAutoFooter
17/12/02 02:35:51.4 APPS_HTML: Warning: Document "/oracle/apps/fnd/regionMap/FND_AUTOFOOTER_REGION" is not allowed to reference component "/oracle/apps/fnd/framework/webui/OAAutoFooter" as its scope "." is too restrictive.
17/12/02 02:35:51.18 APPS_HTML:  Accessing File System for /oracle/apps/fnd/framework/webui/OAFooter
17/12/02 02:35:51.29 APPS_HTML: WARNING: No XSD definition found for attribute promptTranslationMaxLength, element messageStyledText, namespace http://xmlns.oracle.com/oa. Returning null for value 58.
17/12/02 02:35:51.30 APPS_HTML: WARNING: No XSD definition found for attribute promptTranslationExpansion, element messageStyledText, namespace http://xmlns.oracle.com/oa. Returning null for value none.
17/12/02 02:35:51.33 APPS_HTML: WARNING: No XSD definition found for attribute prompt, element link, namespace http://xmlns.oracle.com/oa. Returning null for value Privacy Statement.
17/12/02 02:35:51.33 APPS_HTML: WARNING: No XSD definition found for attribute promptTranslationMaxLength, element link, namespace http://xmlns.oracle.com/oa. Returning null for value 17.
17/12/02 02:35:51.34 APPS_HTML: WARNING: No XSD definition found for attribute maximumLength, element link, namespace http://xmlns.oracle.com/oa. Returning null for value 1.
17/12/02 02:35:51.35 APPS_HTML: WARNING: No XSD definition found for attribute dataType, element link, namespace http://xmlns.oracle.com/oa. Returning null for value URL.
17/12/02 02:35:51.35 APPS_HTML: WARNING: No XSD definition found for attribute promptTranslationExpansion, element link, namespace http://xmlns.oracle.com/oa. Returning null for value none.
17/12/02 02:35:51.37 APPS_HTML: WARNING: No XSD definition found for attribute promptTranslationMaxLength, element messageStyledText, namespace http://xmlns.oracle.com/oa. Returning null for value 16.
17/12/02 02:35:51.38 APPS_HTML: WARNING: No XSD definition found for attribute promptTranslationExpansion, element messageStyledText, namespace http://xmlns.oracle.com/oa. Returning null for value none.
17/12/02 02:35:51.38 APPS_HTML: WARNING: No XSD definition found for attribute promptTranslationMaxLength, element messageStyledText, namespace http://xmlns.oracle.com/oa. Returning null for value 19.
17/12/02 02:35:51.39 APPS_HTML: WARNING: No XSD definition found for attribute promptTranslationExpansion, element messageStyledText, namespace http://xmlns.oracle.com/oa. Returning null for value none.
17/12/02 02:35:51.44 APPS_HTML: WARNING: No XSD definition found for attribute promptTranslationMaxLength, element messageTextInput, namespace http://xmlns.oracle.com/oa. Returning null for value 10.
17/12/02 02:35:51.44 APPS_HTML: WARNING: No XSD definition found for attribute promptTranslationExpansion, element messageTextInput, namespace http://xmlns.oracle.com/oa. Returning null for value none.
17/12/02 02:41:15.45 10.1.3.3.0 Started
17/12/02 02:41:23.292 APPS_HTML: 10.1.3.3.0 Started
17/12/02 02:42:12.406 APPS_HTML:  Accessing File System for /oracle/apps/ak/hello/webui/HelloWorldPG
17/12/02 02:42:52.384 APPS_HTML:  Accessing File System for /oracle/apps/fnd/regionMap/FND_AUTOFOOTER_REGION
17/12/02 02:42:53.361 APPS_HTML:  Accessing File System for /oracle/apps/fnd/framework/webui/OAAutoFooter
17/12/02 02:42:54.216 APPS_HTML: Warning: Document "/oracle/apps/fnd/regionMap/FND_AUTOFOOTER_REGION" is not allowed to reference component "/oracle/apps/fnd/framework/webui/OAAutoFooter" as its scope "." is too restrictive.
17/12/02 02:42:54.230 APPS_HTML:  Accessing File System for /oracle/apps/fnd/framework/webui/OAFooter
17/12/02 02:42:54.235 APPS_HTML: WARNING: No XSD definition found for attribute promptTranslationMaxLength, element messageStyledText, namespace http://xmlns.oracle.com/oa. Returning null for value 58.
17/12/02 02:42:54.236 APPS_HTML: WARNING: No XSD definition found for attribute promptTranslationExpansion, element messageStyledText, namespace http://xmlns.oracle.com/oa. Returning null for value none.
17/12/02 02:42:54.239 APPS_HTML: WARNING: No XSD definition found for attribute prompt, element link, namespace http://xmlns.oracle.com/oa. Returning null for value Privacy Statement.
17/12/02 02:42:54.239 APPS_HTML: WARNING: No XSD definition found for attribute promptTranslationMaxLength, element link, namespace http://xmlns.oracle.com/oa. Returning null for value 17.
17/12/02 02:42:54.240 APPS_HTML: WARNING: No XSD definition found for attribute maximumLength, element link, namespace http://xmlns.oracle.com/oa. Returning null for value 1.
17/12/02 02:42:54.240 APPS_HTML: WARNING: No XSD definition found for attribute dataType, element link, namespace http://xmlns.oracle.com/oa. Returning null for value URL.
17/12/02 02:42:54.241 APPS_HTML: WARNING: No XSD definition found for attribute promptTranslationExpansion, element link, namespace http://xmlns.oracle.com/oa. Returning null for value none.
17/12/02 02:42:54.243 APPS_HTML: WARNING: No XSD definition found for attribute promptTranslationMaxLength, element messageStyledText, namespace http://xmlns.oracle.com/oa. Returning null for value 16.
17/12/02 02:42:54.243 APPS_HTML: WARNING: No XSD definition found for attribute promptTranslationExpansion, element messageStyledText, namespace http://xmlns.oracle.com/oa. Returning null for value none.
17/12/02 02:42:54.244 APPS_HTML: WARNING: No XSD definition found for attribute promptTranslationMaxLength, element messageStyledText, namespace http://xmlns.oracle.com/oa. Returning null for value 19.
17/12/02 02:42:54.244 APPS_HTML: WARNING: No XSD definition found for attribute promptTranslationExpansion, element messageStyledText, namespace http://xmlns.oracle.com/oa. Returning null for value none.
17/12/02 02:42:54.248 APPS_HTML: WARNING: No XSD definition found for attribute promptTranslationMaxLength, element messageTextInput, namespace http://xmlns.oracle.com/oa. Returning null for value 10.
17/12/02 02:42:54.248 APPS_HTML: WARNING: No XSD definition found for attribute promptTranslationExpansion, element messageTextInput, namespace http://xmlns.oracle.com/oa. Returning null for value none.
17/12/02 02:58:02.447 10.1.3.3.0 Started
17/12/02 02:58:10.659 APPS_HTML: 10.1.3.3.0 Started
17/12/02 02:58:57.440 APPS_HTML:  Accessing File System for /oracle/apps/ak/hello/webui/HelloWorldPG
17/12/02 02:59:38.369 APPS_HTML:  Accessing File System for /oracle/apps/fnd/regionMap/FND_AUTOFOOTER_REGION
17/12/02 02:59:39.845 APPS_HTML:  Accessing File System for /oracle/apps/fnd/framework/webui/OAAutoFooter
17/12/02 02:59:40.689 APPS_HTML: Warning: Document "/oracle/apps/fnd/regionMap/FND_AUTOFOOTER_REGION" is not allowed to reference component "/oracle/apps/fnd/framework/webui/OAAutoFooter" as its scope "." is too restrictive.
17/12/02 02:59:40.704 APPS_HTML:  Accessing File System for /oracle/apps/fnd/framework/webui/OAFooter
17/12/02 02:59:40.707 APPS_HTML: WARNING: No XSD definition found for attribute promptTranslationMaxLength, element messageStyledText, namespace http://xmlns.oracle.com/oa. Returning null for value 58.
17/12/02 02:59:40.709 APPS_HTML: WARNING: No XSD definition found for attribute promptTranslationExpansion, element messageStyledText, namespace http://xmlns.oracle.com/oa. Returning null for value none.
17/12/02 02:59:40.711 APPS_HTML: WARNING: No XSD definition found for attribute prompt, element link, namespace http://xmlns.oracle.com/oa. Returning null for value Privacy Statement.
17/12/02 02:59:40.712 APPS_HTML: WARNING: No XSD definition found for attribute promptTranslationMaxLength, element link, namespace http://xmlns.oracle.com/oa. Returning null for value 17.
17/12/02 02:59:40.714 APPS_HTML: WARNING: No XSD definition found for attribute maximumLength, element link, namespace http://xmlns.oracle.com/oa. Returning null for value 1.
17/12/02 02:59:40.715 APPS_HTML: WARNING: No XSD definition found for attribute dataType, element link, namespace http://xmlns.oracle.com/oa. Returning null for value URL.
17/12/02 02:59:40.715 APPS_HTML: WARNING: No XSD definition found for attribute promptTranslationExpansion, element link, namespace http://xmlns.oracle.com/oa. Returning null for value none.
17/12/02 02:59:40.716 APPS_HTML: WARNING: No XSD definition found for attribute promptTranslationMaxLength, element messageStyledText, namespace http://xmlns.oracle.com/oa. Returning null for value 16.
17/12/02 02:59:40.717 APPS_HTML: WARNING: No XSD definition found for attribute promptTranslationExpansion, element messageStyledText, namespace http://xmlns.oracle.com/oa. Returning null for value none.
17/12/02 02:59:40.719 APPS_HTML: WARNING: No XSD definition found for attribute promptTranslationMaxLength, element messageStyledText, namespace http://xmlns.oracle.com/oa. Returning null for value 19.
17/12/02 02:59:40.719 APPS_HTML: WARNING: No XSD definition found for attribute promptTranslationExpansion, element messageStyledText, namespace http://xmlns.oracle.com/oa. Returning null for value none.
17/12/02 02:59:40.720 APPS_HTML: WARNING: No XSD definition found for attribute promptTranslationMaxLength, element messageTextInput, namespace http://xmlns.oracle.com/oa. Returning null for value 10.
17/12/02 02:59:40.720 APPS_HTML: WARNING: No XSD definition found for attribute promptTranslationExpansion, element messageTextInput, namespace http://xmlns.oracle.com/oa. Returning null for value none.
17/12/04 02:37:36.855 10.1.3.3.0 Started
17/12/04 02:37:45.378 APPS_HTML: 10.1.3.3.0 Started
17/12/04 02:39:03.892 APPS_HTML:  Accessing File System for /oracle/apps/ak/hello/webui/HelloWorldPG
17/12/04 02:39:50.795 APPS_HTML:  Accessing File System for /oracle/apps/fnd/attributesets/Buttons/Go
17/12/04 02:39:54.641 APPS_HTML:  Accessing File System for /oracle/apps/fnd/regionMap/FND_AUTOFOOTER_REGION
17/12/04 02:39:56.97 APPS_HTML:  Accessing File System for /oracle/apps/fnd/framework/webui/OAAutoFooter
17/12/04 02:39:57.94 APPS_HTML: Warning: Document "/oracle/apps/fnd/regionMap/FND_AUTOFOOTER_REGION" is not allowed to reference component "/oracle/apps/fnd/framework/webui/OAAutoFooter" as its scope "." is too restrictive.
17/12/04 02:39:57.107 APPS_HTML:  Accessing File System for /oracle/apps/fnd/framework/webui/OAFooter
17/12/04 02:39:57.112 APPS_HTML: WARNING: No XSD definition found for attribute promptTranslationMaxLength, element messageStyledText, namespace http://xmlns.oracle.com/oa. Returning null for value 58.
17/12/04 02:39:57.112 APPS_HTML: WARNING: No XSD definition found for attribute promptTranslationExpansion, element messageStyledText, namespace http://xmlns.oracle.com/oa. Returning null for value none.
17/12/04 02:39:57.117 APPS_HTML: WARNING: No XSD definition found for attribute prompt, element link, namespace http://xmlns.oracle.com/oa. Returning null for value Privacy Statement.
17/12/04 02:39:57.117 APPS_HTML: WARNING: No XSD definition found for attribute promptTranslationMaxLength, element link, namespace http://xmlns.oracle.com/oa. Returning null for value 17.
17/12/04 02:39:57.117 APPS_HTML: WARNING: No XSD definition found for attribute maximumLength, element link, namespace http://xmlns.oracle.com/oa. Returning null for value 1.
17/12/04 02:39:57.118 APPS_HTML: WARNING: No XSD definition found for attribute dataType, element link, namespace http://xmlns.oracle.com/oa. Returning null for value URL.
17/12/04 02:39:57.118 APPS_HTML: WARNING: No XSD definition found for attribute promptTranslationExpansion, element link, namespace http://xmlns.oracle.com/oa. Returning null for value none.
17/12/04 02:39:57.119 APPS_HTML: WARNING: No XSD definition found for attribute promptTranslationMaxLength, element messageStyledText, namespace http://xmlns.oracle.com/oa. Returning null for value 16.
17/12/04 02:39:57.120 APPS_HTML: WARNING: No XSD definition found for attribute promptTranslationExpansion, element messageStyledText, namespace http://xmlns.oracle.com/oa. Returning null for value none.
17/12/04 02:39:57.121 APPS_HTML: WARNING: No XSD definition found for attribute promptTranslationMaxLength, element messageStyledText, namespace http://xmlns.oracle.com/oa. Returning null for value 19.
17/12/04 02:39:57.121 APPS_HTML: WARNING: No XSD definition found for attribute promptTranslationExpansion, element messageStyledText, namespace http://xmlns.oracle.com/oa. Returning null for value none.
17/12/04 02:39:57.127 APPS_HTML: WARNING: No XSD definition found for attribute promptTranslationMaxLength, element messageTextInput, namespace http://xmlns.oracle.com/oa. Returning null for value 10.
17/12/04 02:39:57.127 APPS_HTML: WARNING: No XSD definition found for attribute promptTranslationExpansion, element messageTextInput, namespace http://xmlns.oracle.com/oa. Returning null for value none.
17/12/04 02:57:37.791 10.1.3.3.0 Started
17/12/04 02:57:45.779 APPS_HTML: 10.1.3.3.0 Started
17/12/04 02:58:40.91 APPS_HTML:  Accessing File System for /oracle/apps/ak/hello/webui/HelloWorldPG
17/12/04 02:59:20.808 APPS_HTML:  Accessing File System for /oracle/apps/fnd/attributesets/Buttons/Go
17/12/04 02:59:24.440 APPS_HTML:  Accessing File System for /oracle/apps/fnd/regionMap/FND_AUTOFOOTER_REGION
17/12/04 02:59:25.329 APPS_HTML:  Accessing File System for /oracle/apps/fnd/framework/webui/OAAutoFooter
17/12/04 02:59:26.251 APPS_HTML: Warning: Document "/oracle/apps/fnd/regionMap/FND_AUTOFOOTER_REGION" is not allowed to reference component "/oracle/apps/fnd/framework/webui/OAAutoFooter" as its scope "." is too restrictive.
17/12/04 02:59:26.262 APPS_HTML:  Accessing File System for /oracle/apps/fnd/framework/webui/OAFooter
17/12/04 02:59:26.265 APPS_HTML: WARNING: No XSD definition found for attribute promptTranslationMaxLength, element messageStyledText, namespace http://xmlns.oracle.com/oa. Returning null for value 58.
17/12/04 02:59:26.265 APPS_HTML: WARNING: No XSD definition found for attribute promptTranslationExpansion, element messageStyledText, namespace http://xmlns.oracle.com/oa. Returning null for value none.
17/12/04 02:59:26.266 APPS_HTML: WARNING: No XSD definition found for attribute prompt, element link, namespace http://xmlns.oracle.com/oa. Returning null for value Privacy Statement.
17/12/04 02:59:26.267 APPS_HTML: WARNING: No XSD definition found for attribute promptTranslationMaxLength, element link, namespace http://xmlns.oracle.com/oa. Returning null for value 17.
17/12/04 02:59:26.267 APPS_HTML: WARNING: No XSD definition found for attribute maximumLength, element link, namespace http://xmlns.oracle.com/oa. Returning null for value 1.
17/12/04 02:59:26.268 APPS_HTML: WARNING: No XSD definition found for attribute dataType, element link, namespace http://xmlns.oracle.com/oa. Returning null for value URL.
17/12/04 02:59:26.268 APPS_HTML: WARNING: No XSD definition found for attribute promptTranslationExpansion, element link, namespace http://xmlns.oracle.com/oa. Returning null for value none.
17/12/04 02:59:26.268 APPS_HTML: WARNING: No XSD definition found for attribute promptTranslationMaxLength, element messageStyledText, namespace http://xmlns.oracle.com/oa. Returning null for value 16.
17/12/04 02:59:26.270 APPS_HTML: WARNING: No XSD definition found for attribute promptTranslationExpansion, element messageStyledText, namespace http://xmlns.oracle.com/oa. Returning null for value none.
17/12/04 02:59:26.270 APPS_HTML: WARNING: No XSD definition found for attribute promptTranslationMaxLength, element messageStyledText, namespace http://xmlns.oracle.com/oa. Returning null for value 19.
17/12/04 02:59:26.270 APPS_HTML: WARNING: No XSD definition found for attribute promptTranslationExpansion, element messageStyledText, namespace http://xmlns.oracle.com/oa. Returning null for value none.
17/12/04 02:59:26.273 APPS_HTML: WARNING: No XSD definition found for attribute promptTranslationMaxLength, element messageTextInput, namespace http://xmlns.oracle.com/oa. Returning null for value 10.
17/12/04 02:59:26.273 APPS_HTML: WARNING: No XSD definition found for attribute promptTranslationExpansion, element messageTextInput, namespace http://xmlns.oracle.com/oa. Returning null for value none.
17/12/04 03:18:40.583 10.1.3.3.0 Started
17/12/04 03:18:48.990 APPS_HTML: 10.1.3.3.0 Started
17/12/04 03:19:36.998 APPS_HTML:  Accessing File System for /oracle/apps/ak/hello/webui/HelloWorldPG
17/12/04 03:20:16.756 APPS_HTML:  Accessing File System for /oracle/apps/fnd/attributesets/Buttons/Go
17/12/04 03:20:20.58 APPS_HTML:  Accessing File System for /oracle/apps/fnd/regionMap/FND_AUTOFOOTER_REGION
17/12/04 03:20:21.425 APPS_HTML:  Accessing File System for /oracle/apps/fnd/framework/webui/OAAutoFooter
17/12/04 03:20:22.630 APPS_HTML: Warning: Document "/oracle/apps/fnd/regionMap/FND_AUTOFOOTER_REGION" is not allowed to reference component "/oracle/apps/fnd/framework/webui/OAAutoFooter" as its scope "." is too restrictive.
17/12/04 03:20:22.644 APPS_HTML:  Accessing File System for /oracle/apps/fnd/framework/webui/OAFooter
17/12/04 03:20:22.667 APPS_HTML: WARNING: No XSD definition found for attribute promptTranslationMaxLength, element messageStyledText, namespace http://xmlns.oracle.com/oa. Returning null for value 58.
17/12/04 03:20:22.668 APPS_HTML: WARNING: No XSD definition found for attribute promptTranslationExpansion, element messageStyledText, namespace http://xmlns.oracle.com/oa. Returning null for value none.
17/12/04 03:20:22.670 APPS_HTML: WARNING: No XSD definition found for attribute prompt, element link, namespace http://xmlns.oracle.com/oa. Returning null for value Privacy Statement.
17/12/04 03:20:22.672 APPS_HTML: WARNING: No XSD definition found for attribute promptTranslationMaxLength, element link, namespace http://xmlns.oracle.com/oa. Returning null for value 17.
17/12/04 03:20:22.672 APPS_HTML: WARNING: No XSD definition found for attribute maximumLength, element link, namespace http://xmlns.oracle.com/oa. Returning null for value 1.
17/12/04 03:20:22.673 APPS_HTML: WARNING: No XSD definition found for attribute dataType, element link, namespace http://xmlns.oracle.com/oa. Returning null for value URL.
17/12/04 03:20:22.674 APPS_HTML: WARNING: No XSD definition found for attribute promptTranslationExpansion, element link, namespace http://xmlns.oracle.com/oa. Returning null for value none.
17/12/04 03:20:22.674 APPS_HTML: WARNING: No XSD definition found for attribute promptTranslationMaxLength, element messageStyledText, namespace http://xmlns.oracle.com/oa. Returning null for value 16.
17/12/04 03:20:22.675 APPS_HTML: WARNING: No XSD definition found for attribute promptTranslationExpansion, element messageStyledText, namespace http://xmlns.oracle.com/oa. Returning null for value none.
17/12/04 03:20:22.677 APPS_HTML: WARNING: No XSD definition found for attribute promptTranslationMaxLength, element messageStyledText, namespace http://xmlns.oracle.com/oa. Returning null for value 19.
17/12/04 03:20:22.677 APPS_HTML: WARNING: No XSD definition found for attribute promptTranslationExpansion, element messageStyledText, namespace http://xmlns.oracle.com/oa. Returning null for value none.
17/12/04 03:20:22.682 APPS_HTML: WARNING: No XSD definition found for attribute promptTranslationMaxLength, element messageTextInput, namespace http://xmlns.oracle.com/oa. Returning null for value 10.
17/12/04 03:20:22.683 APPS_HTML: WARNING: No XSD definition found for attribute promptTranslationExpansion, element messageTextInput, namespace http://xmlns.oracle.com/oa. Returning null for value none.
